<?xml version="1.0" encoding="UTF-8"?>
<!-- Generated by org.testng.reporters.JUnitReportReporter -->
<testsuite hostname="NagarjunReddy" failures="0" tests="3" name="tests.ShoppingCartTest" time="56.840" errors="0" timestamp="29 Feb 2024 16:00:08 GMT" skipped="0">
  <testcase classname="tests.ShoppingCartTest" name="TC_Purchase_Product_01" time="17.183"/>
  <testcase classname="tests.ShoppingCartTest" name="TC_Purchase_Product_01" time="18.614"/>
  <testcase classname="tests.ShoppingCartTest" name="TC_Purchase_Product_01" time="21.043"/>
</testsuite> <!-- tests.ShoppingCartTest -->
