<?xml version="1.0" encoding="UTF-8"?>
<!-- Generated by org.testng.reporters.JUnitReportReporter -->
<testsuite hostname="NagarjunReddy" failures="0" tests="2" name="tests.ShoppingCart" time="5.937" errors="0" timestamp="28 Feb 2024 14:54:35 GMT" skipped="1">
  <testcase classname="tests.ShoppingCart" name="TC_Purchase_Product_02" time="5.937"/>
  <testcase classname="tests.ShoppingCart" name="TC_Purchase_Product_01">
    <skipped/>
  </testcase> <!-- TC_Purchase_Product_01 -->
</testsuite> <!-- tests.ShoppingCart -->
